<?xml version="1.0" encoding="UTF-8"?>
<testng-results skipped="0" failed="0" ignored="0" total="1" passed="1">
  <reporter-output>
  </reporter-output>
  <suite name="Default suite" duration-ms="28918" started-at="2023-07-11T04:52:32Z" finished-at="2023-07-11T04:53:01Z">
    <groups>
    </groups>
    <test name="Default test" duration-ms="28918" started-at="2023-07-11T04:52:32Z" finished-at="2023-07-11T04:53:01Z">
      <class name="Gaincare.gaincare_Test">
        <test-method status="PASS" signature="LaunchDriver()[pri:0, instance:Gaincare.gaincare_Test@26be92ad]" name="LaunchDriver" is-config="true" duration-ms="23956" started-at="2023-07-11T10:22:32Z" finished-at="2023-07-11T10:22:56Z">
          <reporter-output>
          </reporter-output>
        </test-method> <!-- LaunchDriver -->
        <test-method status="PASS" signature="loginpage()[pri:0, instance:Gaincare.gaincare_Test@26be92ad]" name="loginpage" duration-ms="4818" started-at="2023-07-11T10:22:56Z" finished-at="2023-07-11T10:23:01Z">
          <reporter-output>
          </reporter-output>
        </test-method> <!-- loginpage -->
        <test-method status="PASS" signature="Endbrowser()[pri:0, instance:Gaincare.gaincare_Test@26be92ad]" name="Endbrowser" is-config="true" duration-ms="0" started-at="2023-07-11T10:23:01Z" finished-at="2023-07-11T10:23:01Z">
          <reporter-output>
          </reporter-output>
        </test-method> <!-- Endbrowser -->
      </class> <!-- Gaincare.gaincare_Test -->
    </test> <!-- Default test -->
  </suite> <!-- Default suite -->
</testng-results>
